This is pdfTeX, Version 3.141592653-2.6-1.40.24 (TeX Live 2022/Debian) (preloaded format=pdflatex 2023.12.5)  28 JUL 2024 09:59
entering extended mode
 restricted \write18 enabled.
 %&-line parsing enabled.
**tesina_Ventali_Rosso.tex
(./tesina_Ventali_Rosso.tex
LaTeX2e <2022-11-01> patch level 1
L3 programming layer <2023-01-16>
(/usr/share/texlive/texmf-dist/tex/latex/base/article.cls
Document Class: article 2022/07/02 v1.4n Standard LaTeX document class
(/usr/share/texlive/texmf-dist/tex/latex/base/size10.clo
File: size10.clo 2022/07/02 v1.4n Standard LaTeX file (size option)
)
\c@part=\count185
\c@section=\count186
\c@subsection=\count187
\c@subsubsection=\count188
\c@paragraph=\count189
\c@subparagraph=\count190
\c@figure=\count191
\c@table=\count192
\abovecaptionskip=\skip48
\belowcaptionskip=\skip49
\bibindent=\dimen140
)
(/usr/share/texlive/texmf-dist/tex/latex/base/fontenc.sty
Package: fontenc 2021/04/29 v2.0v Standard LaTeX package
)
(/usr/share/texlive/texmf-dist/tex/latex/base/inputenc.sty
Package: inputenc 2021/02/14 v1.3d Input encoding file
\inpenc@prehook=\toks16
\inpenc@posthook=\toks17
)
(/usr/share/texlive/texmf-dist/tex/generic/babel/babel.sty
Package: babel 2022/12/26 3.84 The Babel package
\babel@savecnt=\count193
\U@D=\dimen141
\l@unhyphenated=\language4

(/usr/share/texlive/texmf-dist/tex/generic/babel/txtbabel.def)
\bbl@readstream=\read2
\bbl@dirlevel=\count194

(/usr/share/texlive/texmf-dist/tex/generic/babel-italian/italian.ldf
Language: italian 2022/03/27 v.1.4.07 Italian support for the babel system
\it@lettering=\count195
\it@doublequoteactive=\count196
\it@ISOcompliance=\count197
))
(/usr/share/texlive/texmf-dist/tex/generic/babel/locale/it/babel-italian.tex
Package babel Info: Importing font and identification data for italian
(babel)             from babel-it.ini. Reported on input line 11.
)
(/usr/share/texlive/texmf-dist/tex/latex/etoolbox/etoolbox.sty
Package: etoolbox 2020/10/05 v2.5k e-TeX tools for LaTeX (JAW)
\etb@tempcnta=\count198
)
(/usr/share/texlive/texmf-dist/tex/latex/geometry/geometry.sty
Package: geometry 2020/01/02 v5.9 Page Geometry

(/usr/share/texlive/texmf-dist/tex/latex/graphics/keyval.sty
Package: keyval 2022/05/29 v1.15 key=value parser (DPC)
\KV@toks@=\toks18
)
(/usr/share/texlive/texmf-dist/tex/generic/iftex/ifvtex.sty
Package: ifvtex 2019/10/25 v1.7 ifvtex legacy package. Use iftex instead.

(/usr/share/texlive/texmf-dist/tex/generic/iftex/iftex.sty
Package: iftex 2022/02/03 v1.0f TeX engine tests
))
\Gm@cnth=\count199
\Gm@cntv=\count266
\c@Gm@tempcnt=\count267
\Gm@bindingoffset=\dimen142
\Gm@wd@mp=\dimen143
\Gm@odd@mp=\dimen144
\Gm@even@mp=\dimen145
\Gm@layoutwidth=\dimen146
\Gm@layoutheight=\dimen147
\Gm@layouthoffset=\dimen148
\Gm@layoutvoffset=\dimen149
\Gm@dimlist=\toks19
)
(/usr/share/texlive/texmf-dist/tex/latex/imakeidx/imakeidx.sty
Package: imakeidx 2016/10/15 v1.3e Package for typesetting indices in a synchro
nous mode

(/usr/share/texlive/texmf-dist/tex/latex/xkeyval/xkeyval.sty
Package: xkeyval 2022/06/16 v2.9 package option processing (HA)

(/usr/share/texlive/texmf-dist/tex/generic/xkeyval/xkeyval.tex
(/usr/share/texlive/texmf-dist/tex/generic/xkeyval/xkvutils.tex
\XKV@toks=\toks20
\XKV@tempa@toks=\toks21
)
\XKV@depth=\count268
File: xkeyval.tex 2014/12/03 v2.7a key=value parser (HA)
))
(/usr/share/texlive/texmf-dist/tex/generic/iftex/ifxetex.sty
Package: ifxetex 2019/10/25 v0.7 ifxetex legacy package. Use iftex instead.
)
(/usr/share/texlive/texmf-dist/tex/generic/iftex/ifluatex.sty
Package: ifluatex 2019/10/25 v1.5 ifluatex legacy package. Use iftex instead.
)
(/usr/share/texlive/texmf-dist/tex/latex/tools/multicol.sty
Package: multicol 2021/11/30 v1.9d multicolumn formatting (FMi)
\c@tracingmulticols=\count269
\mult@box=\box51
\multicol@leftmargin=\dimen150
\c@unbalance=\count270
\c@collectmore=\count271
\doublecol@number=\count272
\multicoltolerance=\count273
\multicolpretolerance=\count274
\full@width=\dimen151
\page@free=\dimen152
\premulticols=\dimen153
\postmulticols=\dimen154
\multicolsep=\skip50
\multicolbaselineskip=\skip51
\partial@page=\box52
\last@line=\box53
\maxbalancingoverflow=\dimen155
\mult@rightbox=\box54
\mult@grightbox=\box55
\mult@firstbox=\box56
\mult@gfirstbox=\box57
\@tempa=\box58
\@tempa=\box59
\@tempa=\box60
\@tempa=\box61
\@tempa=\box62
\@tempa=\box63
\@tempa=\box64
\@tempa=\box65
\@tempa=\box66
\@tempa=\box67
\@tempa=\box68
\@tempa=\box69
\@tempa=\box70
\@tempa=\box71
\@tempa=\box72
\@tempa=\box73
\@tempa=\box74
\@tempa=\box75
\@tempa=\box76
\@tempa=\box77
\@tempa=\box78
\@tempa=\box79
\@tempa=\box80
\@tempa=\box81
\@tempa=\box82
\@tempa=\box83
\@tempa=\box84
\@tempa=\box85
\@tempa=\box86
\@tempa=\box87
\@tempa=\box88
\@tempa=\box89
\@tempa=\box90
\@tempa=\box91
\@tempa=\box92
\@tempa=\box93
\c@minrows=\count275
\c@columnbadness=\count276
\c@finalcolumnbadness=\count277
\last@try=\dimen156
\multicolovershoot=\dimen157
\multicolundershoot=\dimen158
\mult@nat@firstbox=\box94
\colbreak@box=\box95
\mc@col@check@num=\count278
))
(/usr/share/texlive/texmf-dist/tex/latex/hyperref/hyperref.sty
Package: hyperref 2022-11-13 v7.00u Hypertext links for LaTeX

(/usr/share/texlive/texmf-dist/tex/generic/ltxcmds/ltxcmds.sty
Package: ltxcmds 2020-05-10 v1.25 LaTeX kernel commands for general use (HO)
)
(/usr/share/texlive/texmf-dist/tex/generic/pdftexcmds/pdftexcmds.sty
Package: pdftexcmds 2020-06-27 v0.33 Utility functions of pdfTeX for LuaTeX (HO
)

(/usr/share/texlive/texmf-dist/tex/generic/infwarerr/infwarerr.sty
Package: infwarerr 2019/12/03 v1.5 Providing info/warning/error messages (HO)
)
Package pdftexcmds Info: \pdf@primitive is available.
Package pdftexcmds Info: \pdf@ifprimitive is available.
Package pdftexcmds Info: \pdfdraftmode found.
)
(/usr/share/texlive/texmf-dist/tex/latex/kvsetkeys/kvsetkeys.sty
Package: kvsetkeys 2022-10-05 v1.19 Key value parser (HO)
)
(/usr/share/texlive/texmf-dist/tex/generic/kvdefinekeys/kvdefinekeys.sty
Package: kvdefinekeys 2019-12-19 v1.6 Define keys (HO)
)
(/usr/share/texlive/texmf-dist/tex/generic/pdfescape/pdfescape.sty
Package: pdfescape 2019/12/09 v1.15 Implements pdfTeX's escape features (HO)
)
(/usr/share/texlive/texmf-dist/tex/latex/hycolor/hycolor.sty
Package: hycolor 2020-01-27 v1.10 Color options for hyperref/bookmark (HO)
)
(/usr/share/texlive/texmf-dist/tex/latex/letltxmacro/letltxmacro.sty
Package: letltxmacro 2019/12/03 v1.6 Let assignment for LaTeX macros (HO)
)
(/usr/share/texlive/texmf-dist/tex/latex/auxhook/auxhook.sty
Package: auxhook 2019-12-17 v1.6 Hooks for auxiliary files (HO)
)
(/usr/share/texlive/texmf-dist/tex/latex/hyperref/nameref.sty
Package: nameref 2022-05-17 v2.50 Cross-referencing by name of section

(/usr/share/texlive/texmf-dist/tex/latex/refcount/refcount.sty
Package: refcount 2019/12/15 v3.6 Data extraction from label references (HO)
)
(/usr/share/texlive/texmf-dist/tex/generic/gettitlestring/gettitlestring.sty
Package: gettitlestring 2019/12/15 v1.6 Cleanup title references (HO)

(/usr/share/texlive/texmf-dist/tex/latex/kvoptions/kvoptions.sty
Package: kvoptions 2022-06-15 v3.15 Key value format for package options (HO)
))
\c@section@level=\count279
)
\@linkdim=\dimen159
\Hy@linkcounter=\count280
\Hy@pagecounter=\count281

(/usr/share/texlive/texmf-dist/tex/latex/hyperref/pd1enc.def
File: pd1enc.def 2022-11-13 v7.00u Hyperref: PDFDocEncoding definition (HO)
Now handling font encoding PD1 ...
... no UTF-8 mapping file for font encoding PD1
)
(/usr/share/texlive/texmf-dist/tex/generic/intcalc/intcalc.sty
Package: intcalc 2019/12/15 v1.3 Expandable calculations with integers (HO)
)
(/usr/share/texlive/texmf-dist/tex/generic/etexcmds/etexcmds.sty
Package: etexcmds 2019/12/15 v1.7 Avoid name clashes with e-TeX commands (HO)
)
\Hy@SavedSpaceFactor=\count282

(/usr/share/texlive/texmf-dist/tex/latex/hyperref/puenc.def
File: puenc.def 2022-11-13 v7.00u Hyperref: PDF Unicode definition (HO)
Now handling font encoding PU ...
... no UTF-8 mapping file for font encoding PU
)
Package hyperref Info: Hyper figures OFF on input line 4162.
Package hyperref Info: Link nesting OFF on input line 4167.
Package hyperref Info: Hyper index ON on input line 4170.
Package hyperref Info: Plain pages OFF on input line 4177.
Package hyperref Info: Backreferencing OFF on input line 4182.
Package hyperref Info: Implicit mode ON; LaTeX internals redefined.
Package hyperref Info: Bookmarks ON on input line 4410.
\c@Hy@tempcnt=\count283

(/usr/share/texlive/texmf-dist/tex/latex/url/url.sty
\Urlmuskip=\muskip16
Package: url 2013/09/16  ver 3.4  Verb mode for urls, etc.
)
LaTeX Info: Redefining \url on input line 4748.
\XeTeXLinkMargin=\dimen160

(/usr/share/texlive/texmf-dist/tex/generic/bitset/bitset.sty
Package: bitset 2019/12/09 v1.3 Handle bit-vector datatype (HO)

(/usr/share/texlive/texmf-dist/tex/generic/bigintcalc/bigintcalc.sty
Package: bigintcalc 2019/12/15 v1.5 Expandable calculations on big integers (HO
)
))
\Fld@menulength=\count284
\Field@Width=\dimen161
\Fld@charsize=\dimen162
Package hyperref Info: Hyper figures OFF on input line 6027.
Package hyperref Info: Link nesting OFF on input line 6032.
Package hyperref Info: Hyper index ON on input line 6035.
Package hyperref Info: backreferencing OFF on input line 6042.
Package hyperref Info: Link coloring OFF on input line 6047.
Package hyperref Info: Link coloring with OCG OFF on input line 6052.
Package hyperref Info: PDF/A mode OFF on input line 6057.

(/usr/share/texlive/texmf-dist/tex/latex/base/atbegshi-ltx.sty
Package: atbegshi-ltx 2021/01/10 v1.0c Emulation of the original atbegshi
package with kernel methods
)
\Hy@abspage=\count285
\c@Item=\count286
\c@Hfootnote=\count287
)
Package hyperref Info: Driver (autodetected): hpdftex.

(/usr/share/texlive/texmf-dist/tex/latex/hyperref/hpdftex.def
File: hpdftex.def 2022-11-13 v7.00u Hyperref driver for pdfTeX

(/usr/share/texlive/texmf-dist/tex/latex/base/atveryend-ltx.sty
Package: atveryend-ltx 2020/08/19 v1.0a Emulation of the original atveryend pac
kage
with kernel methods
)
\Fld@listcount=\count288
\c@bookmark@seq@number=\count289

(/usr/share/texlive/texmf-dist/tex/latex/rerunfilecheck/rerunfilecheck.sty
Package: rerunfilecheck 2022-07-10 v1.10 Rerun checks for auxiliary files (HO)

(/usr/share/texlive/texmf-dist/tex/generic/uniquecounter/uniquecounter.sty
Package: uniquecounter 2019/12/15 v1.4 Provide unlimited unique counter (HO)
)
Package uniquecounter Info: New unique counter `rerunfilecheck' on input line 2
85.
)
\Hy@SectionHShift=\skip52
)
(/usr/share/texlive/texmf-dist/tex/latex/graphics/graphicx.sty
Package: graphicx 2021/09/16 v1.2d Enhanced LaTeX Graphics (DPC,SPQR)

(/usr/share/texlive/texmf-dist/tex/latex/graphics/graphics.sty
Package: graphics 2022/03/10 v1.4e Standard LaTeX Graphics (DPC,SPQR)

(/usr/share/texlive/texmf-dist/tex/latex/graphics/trig.sty
Package: trig 2021/08/11 v1.11 sin cos tan (DPC)
)
(/usr/share/texlive/texmf-dist/tex/latex/graphics-cfg/graphics.cfg
File: graphics.cfg 2016/06/04 v1.11 sample graphics configuration
)
Package graphics Info: Driver file: pdftex.def on input line 107.

(/usr/share/texlive/texmf-dist/tex/latex/graphics-def/pdftex.def
File: pdftex.def 2022/09/22 v1.2b Graphics/color driver for pdftex
))
\Gin@req@height=\dimen163
\Gin@req@width=\dimen164
)
(/usr/share/texlive/texmf-dist/tex/latex/titling/titling.sty
Package: titling 2009/09/04 v2.1d maketitle typesetting
\thanksmarkwidth=\skip53
\thanksmargin=\skip54
\droptitle=\skip55
)
(/usr/share/texlive/texmf-dist/tex/latex/fontsize/fontsize.sty
Package: fontsize 2021/08/04 v0.8.5 'fontsize' package. Set main font sizes (Iv
an Valbusa)

(/usr/share/texlive/texmf-dist/tex/latex/l3packages/xfp/xfp.sty
(/usr/share/texlive/texmf-dist/tex/latex/l3kernel/expl3.sty
Package: expl3 2023-01-16 L3 programming layer (loader) 

(/usr/share/texlive/texmf-dist/tex/latex/l3backend/l3backend-pdftex.def
File: l3backend-pdftex.def 2023-01-16 L3 backend support: PDF output (pdfTeX)
\l__color_backend_stack_int=\count290
\l__pdf_internal_box=\box96
))
Package: xfp 2023-01-16 L3 Floating point unit
))
(/usr/share/texlive/texmf-dist/tex/latex/chngcntr/chngcntr.sty
Package: chngcntr 2018/04/09 v1.1a change counter resetting
Package chngcntr Info: \counterwithout already defined.
(chngcntr)             Quitting chngcntr on input line 21.
)
(/usr/share/texlive/texmf-dist/tex/latex/float/float.sty
Package: float 2001/11/08 v1.3d Float enhancements (AL)
\c@float@type=\count291
\float@exts=\toks22
\float@box=\box97
\@float@everytoks=\toks23
\@floatcapt=\box98
)
(/usr/share/texlive/texmf-dist/tex/latex/eurosym/eurosym.sty
Package: eurosym 1998/08/06 v1.1 European currency symbol ``Euro''
\@eurobox=\box99
)
(/usr/share/texlive/texmf-dist/tex/latex/listings/listings.sty
\lst@mode=\count292
\lst@gtempboxa=\box100
\lst@token=\toks24
\lst@length=\count293
\lst@currlwidth=\dimen165
\lst@column=\count294
\lst@pos=\count295
\lst@lostspace=\dimen166
\lst@width=\dimen167
\lst@newlines=\count296
\lst@lineno=\count297
\lst@maxwidth=\dimen168

(/usr/share/texlive/texmf-dist/tex/latex/listings/lstmisc.sty
File: lstmisc.sty 2020/03/24 1.8d (Carsten Heinz)
\c@lstnumber=\count298
\lst@skipnumbers=\count299
\lst@framebox=\box101
)
(/usr/share/texlive/texmf-dist/tex/latex/listings/listings.cfg
File: listings.cfg 2020/03/24 1.8d listings configuration
))
Package: listings 2020/03/24 1.8d (Carsten Heinz)

(/usr/share/texlive/texmf-dist/tex/latex/graphics/color.sty
Package: color 2022/01/06 v1.3d Standard LaTeX Color (DPC)

(/usr/share/texlive/texmf-dist/tex/latex/graphics-cfg/color.cfg
File: color.cfg 2016/01/02 v1.6 sample color configuration
)
Package color Info: Driver file: pdftex.def on input line 149.

(/usr/share/texlive/texmf-dist/tex/latex/graphics/mathcolor.ltx))
(/usr/share/texlive/texmf-dist/tex/latex/adjustbox/adjustbox.sty
Package: adjustbox 2022/10/17 v1.3a Adjusting TeX boxes (trim, clip, ...)

(/usr/share/texlive/texmf-dist/tex/latex/adjustbox/adjcalc.sty
Package: adjcalc 2012/05/16 v1.1 Provides advanced setlength with multiple back
-ends (calc, etex, pgfmath)
)
(/usr/share/texlive/texmf-dist/tex/latex/adjustbox/trimclip.sty
Package: trimclip 2020/08/19 v1.2 Trim and clip general TeX material

(/usr/share/texlive/texmf-dist/tex/latex/collectbox/collectbox.sty
Package: collectbox 2022/10/17 v0.4c Collect macro arguments as boxes
\collectedbox=\box102
)
\tc@llx=\dimen169
\tc@lly=\dimen170
\tc@urx=\dimen171
\tc@ury=\dimen172
Package trimclip Info: Using driver 'tc-pdftex.def'.

(/usr/share/texlive/texmf-dist/tex/latex/adjustbox/tc-pdftex.def
File: tc-pdftex.def 2019/01/04 v2.2 Clipping driver for pdftex
))
\adjbox@Width=\dimen173
\adjbox@Height=\dimen174
\adjbox@Depth=\dimen175
\adjbox@Totalheight=\dimen176
\adjbox@pwidth=\dimen177
\adjbox@pheight=\dimen178
\adjbox@pdepth=\dimen179
\adjbox@ptotalheight=\dimen180

(/usr/share/texlive/texmf-dist/tex/latex/ifoddpage/ifoddpage.sty
Package: ifoddpage 2022/10/18 v1.2 Conditionals for odd/even page detection
\c@checkoddpage=\count300
)
(/usr/share/texlive/texmf-dist/tex/latex/varwidth/varwidth.sty
Package: varwidth 2009/03/30 ver 0.92;  Variable-width minipages
\@vwid@box=\box103
\sift@deathcycles=\count301
\@vwid@loff=\dimen181
\@vwid@roff=\dimen182
))
Package color Info: Redefining color gray on input line 24.
Package color Info: Redefining color cyan on input line 27.

(/usr/share/texlive/texmf-dist/tex/latex/listings/lstlang1.sty
File: lstlang1.sty 2020/03/24 1.8d listings language file
)
\tesina_Ventali_Rosso@idxfile=\write3
\openout3 = `tesina_Ventali_Rosso.idx'.


Writing index file tesina_Ventali_Rosso.idx
Package hyperref Info: Option `colorlinks' set `true' on input line 90.

LaTeX Warning: Unused global option(s):
    [14pt].

(./tesina_Ventali_Rosso.aux)
\openout1 = `tesina_Ventali_Rosso.aux'.

LaTeX Font Info:    Checking defaults for OML/cmm/m/it on input line 98.
LaTeX Font Info:    ... okay on input line 98.
LaTeX Font Info:    Checking defaults for OMS/cmsy/m/n on input line 98.
LaTeX Font Info:    ... okay on input line 98.
LaTeX Font Info:    Checking defaults for OT1/cmr/m/n on input line 98.
LaTeX Font Info:    ... okay on input line 98.
LaTeX Font Info:    Checking defaults for T1/cmr/m/n on input line 98.
LaTeX Font Info:    ... okay on input line 98.
LaTeX Font Info:    Checking defaults for TS1/cmr/m/n on input line 98.
LaTeX Font Info:    ... okay on input line 98.
LaTeX Font Info:    Checking defaults for OMX/cmex/m/n on input line 98.
LaTeX Font Info:    ... okay on input line 98.
LaTeX Font Info:    Checking defaults for U/cmr/m/n on input line 98.
LaTeX Font Info:    ... okay on input line 98.
LaTeX Font Info:    Checking defaults for PD1/pdf/m/n on input line 98.
LaTeX Font Info:    ... okay on input line 98.
LaTeX Font Info:    Checking defaults for PU/pdf/m/n on input line 98.
LaTeX Font Info:    ... okay on input line 98.
LaTeX Info: Redefining \it@ocap on input line 98.
LaTeX Info: Redefining \it@ccap on input line 98.

*geometry* driver: auto-detecting
*geometry* detected driver: pdftex
*geometry* verbose mode - [ preamble ] result:
* driver: pdftex
* paper: a4paper
* layout: <same size as paper>
* layoutoffset:(h,v)=(0.0pt,0.0pt)
* modes: 
* h-part:(L,W,R)=(62.59596pt, 472.31595pt, 62.59596pt)
* v-part:(T,H,B)=(85.35826pt, 674.33032pt, 85.35826pt)
* \paperwidth=597.50787pt
* \paperheight=845.04684pt
* \textwidth=472.31595pt
* \textheight=674.33032pt
* \oddsidemargin=-9.67403pt
* \evensidemargin=-9.67403pt
* \topmargin=-23.91173pt
* \headheight=12.0pt
* \headsep=25.0pt
* \topskip=10.0pt
* \footskip=30.0pt
* \marginparwidth=57.0pt
* \marginparsep=11.0pt
* \columnsep=10.0pt
* \skip\footins=10.79997pt plus 4.79947pt minus 2.4005pt
* \hoffset=0.0pt
* \voffset=0.0pt
* \mag=1000
* \@twocolumnfalse
* \@twosidefalse
* \@mparswitchfalse
* \@reversemarginfalse
* (1in=72.27pt=25.4mm, 1cm=28.453pt)

Package hyperref Info: Link coloring ON on input line 98.
(./tesina_Ventali_Rosso.out) (./tesina_Ventali_Rosso.out)
\@outlinefile=\write4
\openout4 = `tesina_Ventali_Rosso.out'.


(/usr/share/texlive/texmf-dist/tex/context/base/mkii/supp-pdf.mkii
[Loading MPS to PDF converter (version 2006.09.02).]
\scratchcounter=\count302
\scratchdimen=\dimen183
\scratchbox=\box104
\nofMPsegments=\count303
\nofMParguments=\count304
\everyMPshowfont=\toks25
\MPscratchCnt=\count305
\MPscratchDim=\dimen184
\MPnumerator=\count306
\makeMPintoPDFobject=\count307
\everyMPtoPDFconversion=\toks26
) (/usr/share/texlive/texmf-dist/tex/latex/epstopdf-pkg/epstopdf-base.sty
Package: epstopdf-base 2020-01-24 v2.11 Base part for package epstopdf
Package epstopdf-base Info: Redefining graphics rule for `.eps' on input line 4
85.

(/usr/share/texlive/texmf-dist/tex/latex/latexconfig/epstopdf-sys.cfg
File: epstopdf-sys.cfg 2010/07/13 v1.3 Configuration of (r)epstopdf for TeX Liv
e
))
\c@lstlisting=\count308
<./img//logo.png, id=289, 2730.2pt x 1134.2375pt>
File: ./img//logo.png Graphic file (type png)
<use ./img//logo.png>
Package pdftex.def Info: ./img//logo.png  used on input line 101.
(pdftex.def)             Requested size: 170.71652pt x 70.90697pt.
LaTeX Font Info:    Calculating math sizes for size <14.39996> on input line 10
4.
LaTeX Font Info:    External font `cmex10' loaded for size
(Font)              <14.39996> on input line 104.
LaTeX Font Info:    External font `cmex10' loaded for size
(Font)              <10.07993> on input line 104.
LaTeX Font Info:    External font `cmex10' loaded for size
(Font)              <7.19998> on input line 104.

[1

{/var/lib/texmf/fonts/map/pdftex/updmap/pdftex.map} <./img//logo.png>]
(./tesina_Ventali_Rosso.toc
LaTeX Font Info:    External font `cmex10' loaded for size
(Font)              <12> on input line 4.
LaTeX Font Info:    External font `cmex10' loaded for size
(Font)              <8> on input line 4.
LaTeX Font Info:    External font `cmex10' loaded for size
(Font)              <6> on input line 4.
 [2])
\tf@toc=\write5
\openout5 = `tesina_Ventali_Rosso.toc'.

 [3] [4] [5] [6] [7] [8] [9] [10] [11] [12]
[13] [14] [15] [16]
LaTeX Font Info:    Trying to load font information for T1+cmtt on input line 6
88.
 (/usr/share/texlive/texmf-dist/tex/latex/base/t1cmtt.fd
File: t1cmtt.fd 2022/07/10 v2.5l Standard LaTeX font definitions
)
[17]
Package hyperref Info: bookmark level for unknown lstlisting defaults to 0 on i
nput line 712.
 (../xmlCopia/documenti/categorieProdotti.xml [18])
(../xmlCopia/grammatiche/grammaticaCategorieProdotti.dtd)
(../xmlCopia/documenti/tagliRicarica.xml) [19]
(../xmlCopia/grammatiche/grammaticaTagliRicarica.dtd)
(../xmlCopia/documenti/catalogoProdotti.xml [20])
(../xmlCopia/schema/schemaCatalogoProdotti.xsd [21])
(../xmlCopia/documenti/domande.xml) (../xmlCopia/schema/schemaDomande.xsd
[22] [23]) (../xmlCopia/documenti/risposte.xml)
(../xmlCopia/schema/schemaRisposte.xsd [24]) [25]
(../xmlCopia/documenti/recensioni.xml) (../xmlCopia/schema/schemaRecensioni.xsd
[26]) (../xmlCopia/documenti/acquisti.xml [27])
(../xmlCopia/schema/schemaAcquisti.xsd [28])
(../xmlCopia/documenti/portafogliBonus.xml)
(../xmlCopia/schema/schemaPortafogliBonus.xsd [29])
(../xmlCopia/documenti/richiesteRicariche.xml [30])
(../xmlCopia/schema/schemaRichiesteRicariche.xsd [31])
(../xmlCopia/documenti/carrelli.xml) (../xmlCopia/schema/schemaCarrelli.xsd)
[32] [33] [34] [35] [36]
<./img//screenHomepage.png, id=1308, 1921.1775pt x 932.48375pt>
File: ./img//screenHomepage.png Graphic file (type png)
<use ./img//screenHomepage.png>
Package pdftex.def Info: ./img//screenHomepage.png  used on input line 874.
(pdftex.def)             Requested size: 439.63362pt x 213.39566pt.
<./img//screenHomepageCliente.png, id=1310, 1921.1775pt x 932.48375pt>
File: ./img//screenHomepageCliente.png Graphic file (type png)
<use ./img//screenHomepageCliente.png>
Package pdftex.def Info: ./img//screenHomepageCliente.png  used on input line 8
80.
(pdftex.def)             Requested size: 439.63362pt x 213.39566pt.
 [37 <./img//screenHomepage.png> <./img//screenHomepageCliente.png>]
<./img//screenRegistrazione.png, id=1318, 1710.39pt x 703.62875pt>
File: ./img//screenRegistrazione.png Graphic file (type png)
<use ./img//screenRegistrazione.png>
Package pdftex.def Info: ./img//screenRegistrazione.png  used on input line 897
.
(pdftex.def)             Requested size: 472.31595pt x 194.29837pt.

Overfull \hbox (4.0pt too wide) in paragraph at lines 897--898
[][] 
 []

[38 <./img//screenRegistrazione.png>]
<./img//screenAreaPersonale.png, id=1324, 1824.8175pt x 700.6175pt>
File: ./img//screenAreaPersonale.png Graphic file (type png)
<use ./img//screenAreaPersonale.png>
Package pdftex.def Info: ./img//screenAreaPersonale.png  used on input line 917
.
(pdftex.def)             Requested size: 472.31595pt x 181.33307pt.

Overfull \hbox (4.0pt too wide) in paragraph at lines 917--918
[][] 
 []

<./img//screenModificaDati.png, id=1325, 1713.40125pt x 702.625pt>
File: ./img//screenModificaDati.png Graphic file (type png)
<use ./img//screenModificaDati.png>
Package pdftex.def Info: ./img//screenModificaDati.png  used on input line 929.

(pdftex.def)             Requested size: 472.31595pt x 193.67812pt.

Overfull \hbox (4.0pt too wide) in paragraph at lines 929--930
[][] 
 []

<./img//screenCatalogo.png, id=1326, 1803.73875pt x 618.31pt>
File: ./img//screenCatalogo.png Graphic file (type png)
<use ./img//screenCatalogo.png>
Package pdftex.def Info: ./img//screenCatalogo.png  used on input line 936.
(pdftex.def)             Requested size: 472.31595pt x 161.90782pt.

Overfull \hbox (4.0pt too wide) in paragraph at lines 936--937
[][] 
 []

[39 <./img//screenAreaPersonale.png> <./img//screenModificaDati.png>]
<./img//screenProdotto.png, id=1333, 1788.6825pt x 692.5875pt>
File: ./img//screenProdotto.png Graphic file (type png)
<use ./img//screenProdotto.png>
Package pdftex.def Info: ./img//screenProdotto.png  used on input line 942.
(pdftex.def)             Requested size: 440.89212pt x 170.71652pt.
<./img//screenCarrello.png, id=1334, 1746.525pt x 606.265pt>
File: ./img//screenCarrello.png Graphic file (type png)
<use ./img//screenCarrello.png>
Package pdftex.def Info: ./img//screenCarrello.png  used on input line 946.
(pdftex.def)             Requested size: 472.31595pt x 163.95276pt.

Overfull \hbox (4.0pt too wide) in paragraph at lines 946--947
[][] 
 []

<./img//screenFinalizzaAcquisto.png, id=1335, 1075.01625pt x 723.70375pt>
File: ./img//screenFinalizzaAcquisto.png Graphic file (type png)
<use ./img//screenFinalizzaAcquisto.png>
Package pdftex.def Info: ./img//screenFinalizzaAcquisto.png  used on input line
 952.
(pdftex.def)             Requested size: 284.51707pt x 184.94507pt.
[40 <./img//screenCatalogo.png> <./img//screenProdotto.png> <./img//screenCarre
llo.png>]
<./img//screenRecensioni.png, id=1343, 847.165pt x 481.8pt>
File: ./img//screenRecensioni.png Graphic file (type png)
<use ./img//screenRecensioni.png>
Package pdftex.def Info: ./img//screenRecensioni.png  used on input line 959.
(pdftex.def)             Requested size: 225.13106pt x 128.0374pt.
<./img//screenDomande.png, id=1344, 962.3955pt x 264.99pt>
File: ./img//screenDomande.png Graphic file (type png)
<use ./img//screenDomande.png>
Package pdftex.def Info: ./img//screenDomande.png  used on input line 966.
(pdftex.def)             Requested size: 472.31595pt x 130.0484pt.

Overfull \hbox (4.0pt too wide) in paragraph at lines 966--967
 [][] 
 []

<./img//screenInserimentoDomanda.png, id=1345, 471.56175pt x 269.20575pt>
File: ./img//screenInserimentoDomanda.png Graphic file (type png)
<use ./img//screenInserimentoDomanda.png>
Package pdftex.def Info: ./img//screenInserimentoDomanda.png  used on input lin
e 971.
(pdftex.def)             Requested size: 348.87827pt x 199.16928pt.
[41 <./img//screenFinalizzaAcquisto.png> <./img//screenRecensioni.png> <./img//
screenDomande.png>]
<./img//screenDomanda.png, id=1353, 950.3505pt x 329.43076pt>
File: ./img//screenDomanda.png Graphic file (type png)
<use ./img//screenDomanda.png>
Package pdftex.def Info: ./img//screenDomanda.png  used on input line 977.
(pdftex.def)             Requested size: 472.31595pt x 163.7247pt.

Overfull \hbox (4.0pt too wide) in paragraph at lines 977--978
 [][] 
 []

<./img//screenInserimentoRisposta.png, id=1354, 475.7775pt x 337.26pt>
File: ./img//screenInserimentoRisposta.png Graphic file (type png)
<use ./img//screenInserimentoRisposta.png>
Package pdftex.def Info: ./img//screenInserimentoRisposta.png  used on input li
ne 982.
(pdftex.def)             Requested size: 240.83562pt x 170.71652pt.
<./img//screenValutazione.png, id=1355, 1616.0375pt x 271.0125pt>
File: ./img//screenValutazione.png Graphic file (type png)
<use ./img//screenValutazione.png>
Package pdftex.def Info: ./img//screenValutazione.png  used on input line 989.
(pdftex.def)             Requested size: 472.31595pt x 79.20776pt.

Overfull \hbox (4.0pt too wide) in paragraph at lines 989--990
 [][] 
 []

[42 <./img//screenInserimentoDomanda.png> <./img//screenDomanda.png> <./img//sc
reenInserimentoRisposta.png>]
<./img//screenRichiestaRicarica.png, id=1363, 572.73975pt x 157.7895pt>
File: ./img//screenRichiestaRicarica.png Graphic file (type png)
<use ./img//screenRichiestaRicarica.png>
Package pdftex.def Info: ./img//screenRichiestaRicarica.png  used on input line
 996.
(pdftex.def)             Requested size: 413.1064pt x 113.81102pt.
<./img//screenGestioneRicariche.png, id=1364, 1614.03pt x 148.555pt>
File: ./img//screenGestioneRicariche.png Graphic file (type png)
<use ./img//screenGestioneRicariche.png>
Package pdftex.def Info: ./img//screenGestioneRicariche.png  used on input line
 1001.
(pdftex.def)             Requested size: 472.31595pt x 43.47198pt.

Overfull \hbox (4.0pt too wide) in paragraph at lines 1001--1002
 [][] 
 []

<./img//screenInserimentoCatalogo.png, id=1365, 1062.97125pt x 337.86224pt>
File: ./img//screenInserimentoCatalogo.png Graphic file (type png)
<use ./img//screenInserimentoCatalogo.png>
Package pdftex.def Info: ./img//screenInserimentoCatalogo.png  used on input li
ne 1008.
(pdftex.def)             Requested size: 472.31595pt x 150.12396pt.

Overfull \hbox (4.0pt too wide) in paragraph at lines 1008--1009
 [][] 
 []

[43 <./img//screenValutazione.png> <./img//screenRichiestaRicarica.png> <./img/
/screenGestioneRicariche.png> <./img//screenInserimentoCatalogo.png>]
<./img//screenInserimentoProdotto.png, id=1375, 1019.60925pt x 412.54124pt>
File: ./img//screenInserimentoProdotto.png Graphic file (type png)
<use ./img//screenInserimentoProdotto.png>
Package pdftex.def Info: ./img//screenInserimentoProdotto.png  used on input li
ne 1020.
(pdftex.def)             Requested size: 472.31595pt x 191.09949pt.

Overfull \hbox (4.0pt too wide) in paragraph at lines 1020--1021
 [][] 
 []

<./img//screenProdottoGestore.png, id=1376, 1055.142pt x 430.60875pt>
File: ./img//screenProdottoGestore.png Graphic file (type png)
<use ./img//screenProdottoGestore.png>
Package pdftex.def Info: ./img//screenProdottoGestore.png  used on input line 1
030.
(pdftex.def)             Requested size: 472.31595pt x 192.7537pt.

Overfull \hbox (4.0pt too wide) in paragraph at lines 1030--1031
 [][] 
 []

<./img//screenModificaProdotto.png, id=1377, 1020.81375pt x 413.1435pt>
File: ./img//screenModificaProdotto.png Graphic file (type png)
<use ./img//screenModificaProdotto.png>
Package pdftex.def Info: ./img//screenModificaProdotto.png  used on input line 
1034.
(pdftex.def)             Requested size: 472.31595pt x 191.15782pt.

Overfull \hbox (4.0pt too wide) in paragraph at lines 1034--1035
 [][] 
 []

<./img//screenInserimentoOffertaSpeciale.png, id=1378, 1022.01825pt x 253.54726
pt>
File: ./img//screenInserimentoOffertaSpeciale.png Graphic file (type png)
<use ./img//screenInserimentoOffertaSpeciale.png>
Package pdftex.def Info: ./img//screenInserimentoOffertaSpeciale.png  used on i
nput line 1038.
(pdftex.def)             Requested size: 472.31595pt x 117.17477pt.

Overfull \hbox (4.0pt too wide) in paragraph at lines 1038--1039
 [][] 
 []

[44 <./img//screenInserimentoProdotto.png> <./img//screenProdottoGestore.png>]
<./img//screenClienti.png, id=1385, 1069.596pt x 265.59225pt>
File: ./img//screenClienti.png Graphic file (type png)
<use ./img//screenClienti.png>
Package pdftex.def Info: ./img//screenClienti.png  used on input line 1045.
(pdftex.def)             Requested size: 472.31595pt x 117.28241pt.

Overfull \hbox (4.0pt too wide) in paragraph at lines 1045--1046
 [][] 
 []

<./img//screenDettaglioCliente.png, id=1386, 690.78075pt x 293.29575pt>
File: ./img//screenDettaglioCliente.png Graphic file (type png)
<use ./img//screenDettaglioCliente.png>
Package pdftex.def Info: ./img//screenDettaglioCliente.png  used on input line 
1050.
(pdftex.def)             Requested size: 472.31595pt x 200.54385pt.

Overfull \hbox (4.0pt too wide) in paragraph at lines 1050--1051
 [][] 
 []

[45 <./img//screenModificaProdotto.png> <./img//screenInserimentoOffertaSpecial
e.png> <./img//screenClienti.png>]
<./img//screenModificaCliente.png, id=1394, 1017.8025pt x 407.72325pt>
File: ./img//screenModificaCliente.png Graphic file (type png)
<use ./img//screenModificaCliente.png>
Package pdftex.def Info: ./img//screenModificaCliente.png  used on input line 1
055.
(pdftex.def)             Requested size: 472.31595pt x 189.20361pt.

Overfull \hbox (4.0pt too wide) in paragraph at lines 1055--1056
 [][] 
 []

<./img//screenInserimentoFaq.png, id=1395, 388.45125pt x 316.7835pt>
File: ./img//screenInserimentoFaq.png Graphic file (type png)
<use ./img//screenInserimentoFaq.png>
Package pdftex.def Info: ./img//screenInserimentoFaq.png  used on input line 10
62.
(pdftex.def)             Requested size: 174.4458pt x 142.26378pt.
<./img//screenElevaFaq.png, id=1396, 949.146pt x 364.36125pt>
File: ./img//screenElevaFaq.png Graphic file (type png)
<use ./img//screenElevaFaq.png>
Package pdftex.def Info: ./img//screenElevaFaq.png  used on input line 1067.
(pdftex.def)             Requested size: 472.31595pt x 181.31285pt.

Overfull \hbox (4.0pt too wide) in paragraph at lines 1067--1068
 [][] 
 []

[46 <./img//screenDettaglioCliente.png> <./img//screenModificaCliente.png> <./i
mg//screenInserimentoFaq.png>] [47 <./img//screenElevaFaq.png>] [48] [49]
[50] [51]
LaTeX Font Info:    Font shape `T1/cmtt/bx/n' in size <10.95007> not available
(Font)              Font shape `T1/cmtt/m/n' tried instead on input line 1287.
 [52] [53] [54] (./tesina_Ventali_Rosso.aux)
Package rerunfilecheck Info: File `tesina_Ventali_Rosso.out' has not changed.
(rerunfilecheck)             Checksum: 93DED4FD778ECE39A55DD19E4807E7C8;10673.
 ) 
Here is how much of TeX's memory you used:
 15799 strings out of 478040
 256004 string characters out of 5840467
 1974330 words of memory out of 5000000
 34601 multiletter control sequences out of 15000+600000
 527456 words of font info for 61 fonts, out of 8000000 for 9000
 14 hyphenation exceptions out of 8191
 75i,9n,77p,421b,2349s stack positions out of 10000i,1000n,20000p,200000b,200000s
 </home/matteo/.texlive2022/texmf-var/fonts/pk/ljfour/jknappen/ec/ectt1095.60
0pk> </home/matteo/.texlive2022/texmf-var/fonts/pk/ljfour/jknappen/ec/ecrm0600.
600pk> </home/matteo/.texlive2022/texmf-var/fonts/pk/ljfour/jknappen/ec/tcrm120
0.600pk> </home/matteo/.texlive2022/texmf-var/fonts/pk/ljfour/jknappen/ec/ecti1
200.600pk> </home/matteo/.texlive2022/texmf-var/fonts/pk/ljfour/jknappen/ec/ecb
x1440.600pk> </home/matteo/.texlive2022/texmf-var/fonts/pk/ljfour/jknappen/ec/e
cbx1200.600pk> </home/matteo/.texlive2022/texmf-var/fonts/pk/ljfour/jknappen/ec
/ecbx1728.600pk> </home/matteo/.texlive2022/texmf-var/fonts/pk/ljfour/jknappen/
ec/ecsl1200.600pk> </home/matteo/.texlive2022/texmf-var/fonts/pk/ljfour/jknappe
n/ec/ecrm1200.600pk> </home/matteo/.texlive2022/texmf-var/fonts/pk/ljfour/jknap
pen/ec/ecrm1440.600pk> </home/matteo/.texlive2022/texmf-var/fonts/pk/ljfour/jkn
appen/ec/ecrm1728.600pk> </home/matteo/.texlive2022/texmf-var/fonts/pk/ljfour/j
knappen/ec/ecbx2986.600pk></usr/share/texlive/texmf-dist/fonts/type1/public/ams
fonts/cm/cmmi12.pfb></usr/share/texlive/texmf-dist/fonts/type1/public/amsfonts/
cm/cmmi8.pfb></usr/share/texlive/texmf-dist/fonts/type1/public/amsfonts/cm/cmr1
2.pfb></usr/share/texlive/texmf-dist/fonts/type1/public/amsfonts/cm/cmr8.pfb></
usr/share/texlive/texmf-dist/fonts/type1/public/amsfonts/cm/cmsy10.pfb></usr/sh
are/texlive/texmf-dist/fonts/type1/public/eurosym/feymr10.pfb>
Output written on tesina_Ventali_Rosso.pdf (54 pages, 6503423 bytes).
PDF statistics:
 2292 PDF objects out of 2487 (max. 8388607)
 1736 compressed objects within 18 object streams
 1011 named destinations out of 1200 (max. 500000)
 709 words of extra memory for PDF output out of 10000 (max. 10000000)

