\BOOKMARK [1][-]{section.1}{\376\377\000I\000n\000t\000r\000o\000d\000u\000z\000i\000o\000n\000e\000\040\000e\000\040\000d\000e\000s\000c\000r\000i\000z\000i\000o\000n\000e\000\040\000d\000e\000i\000\040\000d\000a\000t\000i}{}% 1
\BOOKMARK [2][-]{subsection.1.1}{\376\377\000I\000n\000t\000r\000o\000d\000u\000z\000i\000o\000n\000e}{section.1}% 2
\BOOKMARK [3][-]{subsubsection.1.1.1}{\376\377\000C\000a\000t\000e\000g\000o\000r\000i\000e\000\040\000d\000i\000\040\000d\000i\000s\000p\000o\000s\000i\000t\000i\000v\000i}{subsection.1.1}% 3
\BOOKMARK [3][-]{subsubsection.1.1.2}{\376\377\000C\000a\000t\000e\000g\000o\000r\000i\000e\000\040\000d\000i\000\040\000u\000t\000e\000n\000t\000i}{subsection.1.1}% 4
\BOOKMARK [2][-]{subsection.1.2}{\376\377\000N\000o\000t\000e}{section.1}% 5
\BOOKMARK [3][-]{subsubsection.1.2.1}{\376\377\000P\000o\000r\000t\000a\000f\000o\000g\000l\000i}{subsection.1.2}% 6
\BOOKMARK [3][-]{subsubsection.1.2.2}{\376\377\000S\000c\000o\000n\000t\000i\000\040\000e\000\040\000o\000f\000f\000e\000r\000t\000e}{subsection.1.2}% 7
\BOOKMARK [3][-]{subsubsection.1.2.3}{\376\377\000R\000e\000p\000u\000t\000a\000z\000i\000o\000n\000e\000\040\000e\000\040\000p\000o\000s\000t}{subsection.1.2}% 8
\BOOKMARK [2][-]{subsection.1.3}{\376\377\000C\000a\000s\000i\000\040\000d\000'\000u\000s\000o}{section.1}% 9
\BOOKMARK [3][-]{subsubsection.1.3.1}{\376\377\000R\000e\000g\000i\000s\000t\000r\000a\000z\000i\000o\000n\000e}{subsection.1.3}% 10
\BOOKMARK [3][-]{subsubsection.1.3.2}{\376\377\000A\000c\000c\000e\000s\000s\000o\000\040\000e\000\040\000g\000e\000s\000t\000i\000o\000n\000e\000\040\000p\000r\000o\000f\000i\000l\000o}{subsection.1.3}% 11
\BOOKMARK [3][-]{subsubsection.1.3.3}{\376\377\000A\000c\000q\000u\000i\000s\000t\000o}{subsection.1.3}% 12
\BOOKMARK [3][-]{subsubsection.1.3.4}{\376\377\000R\000e\000c\000e\000n\000s\000i\000o\000n\000i}{subsection.1.3}% 13
\BOOKMARK [3][-]{subsubsection.1.3.5}{\376\377\000I\000n\000s\000e\000r\000i\000m\000e\000n\000t\000o\000\040\000d\000o\000m\000a\000n\000d\000a}{subsection.1.3}% 14
\BOOKMARK [3][-]{subsubsection.1.3.6}{\376\377\000I\000n\000s\000e\000r\000i\000m\000e\000n\000t\000o\000\040\000r\000i\000s\000p\000o\000s\000t\000a}{subsection.1.3}% 15
\BOOKMARK [3][-]{subsubsection.1.3.7}{\376\377\000V\000a\000l\000u\000t\000a\000z\000i\000o\000n\000e\000\040\000i\000n\000t\000e\000r\000v\000e\000n\000t\000i}{subsection.1.3}% 16
\BOOKMARK [3][-]{subsubsection.1.3.8}{\376\377\000R\000i\000c\000a\000r\000i\000c\000a\000\040\000p\000o\000r\000t\000a\000f\000o\000g\000l\000i\000o\000\040\000s\000t\000a\000n\000d\000a\000r\000d}{subsection.1.3}% 17
\BOOKMARK [3][-]{subsubsection.1.3.9}{\376\377\000I\000n\000s\000e\000r\000i\000m\000e\000n\000t\000o\000\040\000p\000r\000o\000d\000o\000t\000t\000i}{subsection.1.3}% 18
\BOOKMARK [3][-]{subsubsection.1.3.10}{\376\377\000G\000e\000s\000t\000i\000o\000n\000e\000\040\000p\000r\000o\000d\000o\000t\000t\000i}{subsection.1.3}% 19
\BOOKMARK [3][-]{subsubsection.1.3.11}{\376\377\000I\000n\000s\000e\000r\000i\000m\000e\000n\000t\000o\000\040\000s\000c\000o\000n\000t\000i}{subsection.1.3}% 20
\BOOKMARK [3][-]{subsubsection.1.3.12}{\376\377\000G\000e\000s\000t\000i\000o\000n\000e\000\040\000c\000l\000i\000e\000n\000t\000i}{subsection.1.3}% 21
\BOOKMARK [3][-]{subsubsection.1.3.13}{\376\377\000I\000n\000s\000e\000r\000i\000m\000e\000n\000t\000o\000\040\000F\000A\000Q}{subsection.1.3}% 22
\BOOKMARK [3][-]{subsubsection.1.3.14}{\376\377\000E\000l\000e\000v\000a\000z\000i\000o\000n\000e\000\040\000a\000\040\000F\000A\000Q}{subsection.1.3}% 23
\BOOKMARK [2][-]{subsection.1.4}{\376\377\000S\000t\000r\000u\000t\000t\000u\000r\000e\000\040\000d\000a\000t\000i}{section.1}% 24
\BOOKMARK [3][-]{subsubsection.1.4.1}{\376\377\000U\000t\000e\000n\000t\000i}{subsection.1.4}% 25
\BOOKMARK [3][-]{subsubsection.1.4.2}{\376\377\000C\000a\000t\000e\000g\000o\000r\000i\000e\000\040\000p\000r\000o\000d\000o\000t\000t\000i}{subsection.1.4}% 26
\BOOKMARK [3][-]{subsubsection.1.4.3}{\376\377\000T\000a\000g\000l\000i\000\040\000d\000i\000\040\000r\000i\000c\000a\000r\000i\000c\000a}{subsection.1.4}% 27
\BOOKMARK [3][-]{subsubsection.1.4.4}{\376\377\000C\000a\000t\000a\000l\000o\000g\000o\000\040\000p\000r\000o\000d\000o\000t\000t\000i}{subsection.1.4}% 28
\BOOKMARK [3][-]{subsubsection.1.4.5}{\376\377\000D\000o\000m\000a\000n\000d\000e}{subsection.1.4}% 29
\BOOKMARK [3][-]{subsubsection.1.4.6}{\376\377\000R\000i\000s\000p\000o\000s\000t\000e}{subsection.1.4}% 30
\BOOKMARK [3][-]{subsubsection.1.4.7}{\376\377\000R\000e\000c\000e\000n\000s\000i\000o\000n\000i}{subsection.1.4}% 31
\BOOKMARK [3][-]{subsubsection.1.4.8}{\376\377\000T\000r\000a\000n\000s\000a\000z\000i\000o\000n\000i}{subsection.1.4}% 32
\BOOKMARK [3][-]{subsubsection.1.4.9}{\376\377\000P\000o\000r\000t\000a\000f\000o\000g\000l\000i\000\040\000b\000o\000n\000u\000s}{subsection.1.4}% 33
\BOOKMARK [3][-]{subsubsection.1.4.10}{\376\377\000R\000i\000c\000h\000i\000e\000s\000t\000e\000\040\000r\000i\000c\000a\000r\000i\000c\000h\000e}{subsection.1.4}% 34
\BOOKMARK [2][-]{subsection.1.5}{\376\377\000A\000n\000a\000l\000i\000s\000i\000\040\000d\000i\000\040\000a\000l\000c\000u\000n\000i\000\040\000e\000l\000e\000m\000e\000n\000t\000i\000/\000a\000t\000t\000r\000i\000b\000u\000t\000i}{section.1}% 35
\BOOKMARK [3][-]{subsubsection.1.5.1}{\376\377\000C\000a\000t\000e\000g\000o\000r\000i\000e\000\040\000p\000r\000o\000d\000o\000t\000t\000i}{subsection.1.5}% 36
\BOOKMARK [3][-]{subsubsection.1.5.2}{\376\377\000T\000a\000g\000l\000i\000\040\000d\000i\000\040\000r\000i\000c\000a\000r\000i\000c\000a}{subsection.1.5}% 37
\BOOKMARK [3][-]{subsubsection.1.5.3}{\376\377\000C\000a\000t\000a\000l\000o\000g\000o\000\040\000p\000r\000o\000d\000o\000t\000t\000i}{subsection.1.5}% 38
\BOOKMARK [3][-]{subsubsection.1.5.4}{\376\377\000D\000o\000m\000a\000n\000d\000e}{subsection.1.5}% 39
\BOOKMARK [3][-]{subsubsection.1.5.5}{\376\377\000R\000i\000s\000p\000o\000s\000t\000e}{subsection.1.5}% 40
\BOOKMARK [3][-]{subsubsection.1.5.6}{\376\377\000R\000e\000c\000e\000n\000s\000i\000o\000n\000i}{subsection.1.5}% 41
\BOOKMARK [3][-]{subsubsection.1.5.7}{\376\377\000T\000r\000a\000n\000s\000a\000z\000i\000o\000n\000i}{subsection.1.5}% 42
\BOOKMARK [3][-]{subsubsection.1.5.8}{\376\377\000P\000o\000r\000t\000a\000f\000o\000g\000l\000i\000\040\000b\000o\000n\000u\000s}{subsection.1.5}% 43
\BOOKMARK [3][-]{subsubsection.1.5.9}{\376\377\000R\000i\000c\000h\000i\000e\000s\000t\000e\000\040\000r\000i\000c\000a\000r\000i\000c\000h\000e}{subsection.1.5}% 44
